[Thu Jan 22 10:53:20 2026] PHP 8.3.6 Development Server (http://localhost:8000) started
[Thu Jan 22 10:53:23 2026] [::1]:53072 Accepted
[Thu Jan 22 10:53:23 2026] [::1]:53072 [200]: GET /timetable_app/modules/accounts/login.php
[Thu Jan 22 10:53:23 2026] [::1]:53072 Closing
[Thu Jan 22 10:54:17 2026] [::1]:55108 Accepted
[Thu Jan 22 10:54:17 2026] [::1]:55108 [200]: GET /timetable_app/modules/accounts/login.php
[Thu Jan 22 10:54:17 2026] [::1]:55108 Closing
[Thu Jan 22 10:54:40 2026] [::1]:50980 Accepted
[Thu Jan 22 10:54:40 2026] [::1]:50980 [200]: GET /timetable_app/modules/accounts/login.php
[Thu Jan 22 10:54:40 2026] [::1]:50980 Closing
[Thu Jan 22 10:55:11 2026] [::1]:36958 Accepted
[Thu Jan 22 10:55:11 2026] [::1]:36958 [200]: GET /timetable_app/modules/accounts/login.php
[Thu Jan 22 10:55:11 2026] [::1]:36958 Closing
[Thu Jan 22 10:55:11 2026] [::1]:36974 Accepted
[Thu Jan 22 10:55:11 2026] [::1]:36990 Accepted
[Thu Jan 22 10:55:11 2026] [::1]:36974 [200]: GET /timetable_app/assets/css/style.css
[Thu Jan 22 10:55:11 2026] [::1]:36990 [404]: GET /timetable_app/assets/js/main.js - No such file or directory
[Thu Jan 22 10:55:11 2026] [::1]:36974 Closing
[Thu Jan 22 10:55:11 2026] [::1]:36990 Closing
[Thu Jan 22 10:55:12 2026] [::1]:37000 Accepted
[Thu Jan 22 10:55:12 2026] [::1]:37000 [302]: POST /timetable_app/modules/accounts/login.php
[Thu Jan 22 10:55:12 2026] [::1]:37000 Closing
[Thu Jan 22 10:55:12 2026] [::1]:37008 Accepted
[Thu Jan 22 10:55:12 2026] [::1]:37008 [200]: GET /timetable_app/index.php
[Thu Jan 22 10:55:12 2026] [::1]:37008 Closing
[Thu Jan 22 10:55:12 2026] [::1]:37022 Accepted
[Thu Jan 22 10:55:12 2026] [::1]:37036 Accepted
[Thu Jan 22 10:55:12 2026] [::1]:37022 [200]: GET /timetable_app/assets/css/style.css
[Thu Jan 22 10:55:12 2026] [::1]:37036 [404]: GET /timetable_app/assets/js/main.js - No such file or directory
[Thu Jan 22 10:55:12 2026] [::1]:37036 Closing
[Thu Jan 22 10:55:12 2026] [::1]:37022 Closing
[Thu Jan 22 10:55:12 2026] [::1]:37042 Accepted
[Thu Jan 22 10:55:12 2026] [::1]:37042 [200]: GET /timetable_app/modules/views/view.php
[Thu Jan 22 10:55:12 2026] [::1]:37042 Closing
[Thu Jan 22 10:55:12 2026] [::1]:37044 Accepted
[Thu Jan 22 10:55:12 2026] [::1]:37058 Accepted
[Thu Jan 22 10:55:12 2026] [::1]:37044 [200]: GET /timetable_app/assets/css/style.css
[Thu Jan 22 10:55:12 2026] [::1]:37058 [404]: GET /timetable_app/assets/js/main.js - No such file or directory
[Thu Jan 22 10:55:12 2026] [::1]:37044 Closing
[Thu Jan 22 10:55:12 2026] [::1]:37058 Closing
[Thu Jan 22 10:55:12 2026] [::1]:37068 Accepted
[Thu Jan 22 10:55:12 2026] [::1]:37068 [200]: GET /timetable_app/modules/views/view.php?class_id=1
[Thu Jan 22 10:55:12 2026] [::1]:37068 Closing
[Thu Jan 22 10:55:12 2026] [::1]:37076 Accepted
[Thu Jan 22 10:55:12 2026] [::1]:37080 Accepted
[Thu Jan 22 10:55:12 2026] [::1]:37076 [200]: GET /timetable_app/assets/css/style.css
[Thu Jan 22 10:55:12 2026] [::1]:37080 [404]: GET /timetable_app/assets/js/main.js - No such file or directory
[Thu Jan 22 10:55:12 2026] [::1]:37080 Closing
[Thu Jan 22 10:55:12 2026] [::1]:37076 Closing
[Thu Jan 22 11:44:14 2026] [::1]:52524 Accepted
[Thu Jan 22 11:44:14 2026] [::1]:52524 [200]: GET /timetable_app/modules/accounts/login.php
[Thu Jan 22 11:44:14 2026] [::1]:52524 Closing
[Thu Jan 22 11:44:14 2026] [::1]:52530 Accepted
[Thu Jan 22 11:44:14 2026] [::1]:52546 Accepted
[Thu Jan 22 11:44:14 2026] [::1]:52530 [404]: GET /timetable_app/modules/assets/css/style.css - No such file or directory
[Thu Jan 22 11:44:14 2026] [::1]:52530 Closing
[Thu Jan 22 11:44:14 2026] [::1]:52546 [404]: GET /timetable_app/modules/assets/js/main.js - No such file or directory
[Thu Jan 22 11:44:14 2026] [::1]:52546 Closing
[Thu Jan 22 11:44:14 2026] [::1]:52560 Accepted
[Thu Jan 22 11:44:14 2026] [::1]:52560 [302]: POST /timetable_app/modules/accounts/login.php
[Thu Jan 22 11:44:14 2026] [::1]:52560 Closing
[Thu Jan 22 11:44:14 2026] [::1]:52568 Accepted
[Thu Jan 22 11:44:14 2026] [::1]:52568 [404]: GET /timetable_app/modules/timetable_app/index.php - No such file or directory
[Thu Jan 22 11:44:14 2026] [::1]:52568 Closing
[Thu Jan 22 11:44:49 2026] [::1]:36884 Accepted
[Thu Jan 22 11:44:49 2026] [::1]:36884 [200]: GET /timetable_app/modules/accounts/login.php
[Thu Jan 22 11:44:49 2026] [::1]:36884 Closing
[Thu Jan 22 11:44:49 2026] [::1]:36890 Accepted
[Thu Jan 22 11:44:49 2026] [::1]:36894 Accepted
[Thu Jan 22 11:44:49 2026] [::1]:36890 [200]: GET /timetable_app/assets/css/style.css
[Thu Jan 22 11:44:49 2026] [::1]:36894 [200]: GET /timetable_app/assets/js/main.js
[Thu Jan 22 11:44:49 2026] [::1]:36890 Closing
[Thu Jan 22 11:44:49 2026] [::1]:36894 Closing
[Thu Jan 22 11:44:49 2026] [::1]:36896 Accepted
[Thu Jan 22 11:44:49 2026] [::1]:36896 [302]: POST /timetable_app/modules/accounts/login.php
[Thu Jan 22 11:44:49 2026] [::1]:36896 Closing
[Thu Jan 22 11:44:49 2026] [::1]:36906 Accepted
[Thu Jan 22 11:44:49 2026] [::1]:36906 [404]: GET /timetable_app/timetable_app/index.php - No such file or directory
[Thu Jan 22 11:44:49 2026] [::1]:36906 Closing
[Thu Jan 22 11:45:29 2026] [::1]:50866 Accepted
[Thu Jan 22 11:45:29 2026] [::1]:50866 [200]: GET /timetable_app/modules/accounts/login.php
[Thu Jan 22 11:45:29 2026] [::1]:50866 Closing
[Thu Jan 22 11:45:29 2026] [::1]:50870 Accepted
[Thu Jan 22 11:45:29 2026] [::1]:50880 Accepted
[Thu Jan 22 11:45:29 2026] [::1]:50870 [200]: GET /timetable_app/assets/css/style.css
[Thu Jan 22 11:45:29 2026] [::1]:50880 [200]: GET /timetable_app/assets/js/main.js
[Thu Jan 22 11:45:29 2026] [::1]:50870 Closing
[Thu Jan 22 11:45:29 2026] [::1]:50880 Closing
[Thu Jan 22 11:45:29 2026] [::1]:50884 Accepted
[Thu Jan 22 11:45:29 2026] [::1]:50884 [302]: POST /timetable_app/modules/accounts/login.php
[Thu Jan 22 11:45:29 2026] [::1]:50884 Closing
[Thu Jan 22 11:45:29 2026] [::1]:50888 Accepted
[Thu Jan 22 11:45:29 2026] [::1]:50888 [200]: GET /timetable_app/index.php
[Thu Jan 22 11:45:29 2026] [::1]:50888 Closing
[Thu Jan 22 11:45:29 2026] [::1]:50898 Accepted
[Thu Jan 22 11:45:29 2026] [::1]:50914 Accepted
[Thu Jan 22 11:45:29 2026] [::1]:50898 [200]: GET /timetable_app/assets/css/style.css
[Thu Jan 22 11:45:29 2026] [::1]:50914 [200]: GET /timetable_app/assets/js/main.js
[Thu Jan 22 11:45:29 2026] [::1]:50898 Closing
[Thu Jan 22 11:45:29 2026] [::1]:50914 Closing
[Thu Jan 22 11:45:30 2026] [::1]:50922 Accepted
[Thu Jan 22 11:45:30 2026] [::1]:50922 [200]: GET /timetable_app/modules/views/view.php
[Thu Jan 22 11:45:30 2026] [::1]:50922 Closing
[Thu Jan 22 11:45:30 2026] [::1]:50936 Accepted
[Thu Jan 22 11:45:30 2026] [::1]:50950 Accepted
[Thu Jan 22 11:45:30 2026] [::1]:50936 [200]: GET /timetable_app/assets/css/style.css
[Thu Jan 22 11:45:30 2026] [::1]:50950 [200]: GET /timetable_app/assets/js/main.js
[Thu Jan 22 11:45:30 2026] [::1]:50936 Closing
[Thu Jan 22 11:45:30 2026] [::1]:50950 Closing
[Thu Jan 22 11:45:30 2026] [::1]:50962 Accepted
[Thu Jan 22 11:45:30 2026] [::1]:50962 [200]: GET /timetable_app/modules/views/view.php?class_id=1
[Thu Jan 22 11:45:30 2026] [::1]:50962 Closing
[Thu Jan 22 11:45:30 2026] [::1]:50964 Accepted
[Thu Jan 22 11:45:30 2026] [::1]:50966 Accepted
[Thu Jan 22 11:45:30 2026] [::1]:50964 [200]: GET /timetable_app/assets/css/style.css
[Thu Jan 22 11:45:30 2026] [::1]:50966 [200]: GET /timetable_app/assets/js/main.js
[Thu Jan 22 11:45:30 2026] [::1]:50964 Closing
[Thu Jan 22 11:45:30 2026] [::1]:50966 Closing
[Thu Jan 22 11:49:30 2026] [::1]:37658 Accepted
[Thu Jan 22 11:49:30 2026] [::1]:37658 [200]: GET /timetable_app/modules/accounts/login.php
[Thu Jan 22 11:49:30 2026] [::1]:37658 Closing
[Thu Jan 22 11:49:30 2026] [::1]:37660 Accepted
[Thu Jan 22 11:49:30 2026] [::1]:37660 [200]: GET /timetable_app/assets/css/style.css
[Thu Jan 22 11:49:30 2026] [::1]:37660 Closing
[Thu Jan 22 11:49:30 2026] [::1]:37674 Accepted
[Thu Jan 22 11:49:30 2026] [::1]:37674 [200]: GET /timetable_app/assets/js/main.js
[Thu Jan 22 11:49:30 2026] [::1]:37674 Closing
[Thu Jan 22 11:49:30 2026] [::1]:37680 Accepted
[Thu Jan 22 11:49:30 2026] [::1]:37680 [302]: POST /timetable_app/modules/accounts/login.php
[Thu Jan 22 11:49:30 2026] [::1]:37680 Closing
[Thu Jan 22 11:49:30 2026] [::1]:37690 Accepted
[Thu Jan 22 11:49:30 2026] [::1]:37690 [200]: GET /timetable_app/index.php
[Thu Jan 22 11:49:30 2026] [::1]:37690 Closing
[Thu Jan 22 11:49:30 2026] [::1]:37702 Accepted
[Thu Jan 22 11:49:30 2026] [::1]:37716 Accepted
[Thu Jan 22 11:49:30 2026] [::1]:37702 [200]: GET /timetable_app/assets/css/style.css
[Thu Jan 22 11:49:30 2026] [::1]:37716 [200]: GET /timetable_app/assets/js/main.js
[Thu Jan 22 11:49:30 2026] [::1]:37702 Closing
[Thu Jan 22 11:49:30 2026] [::1]:37716 Closing
[Thu Jan 22 11:49:30 2026] [::1]:37722 Accepted
[Thu Jan 22 11:49:31 2026] [::1]:37722 [200]: GET /timetable_app/modules/views/view.php
[Thu Jan 22 11:49:31 2026] [::1]:37722 Closing
[Thu Jan 22 11:49:31 2026] [::1]:37724 Accepted
[Thu Jan 22 11:49:31 2026] [::1]:37740 Accepted
[Thu Jan 22 11:49:31 2026] [::1]:37724 [200]: GET /timetable_app/assets/css/style.css
[Thu Jan 22 11:49:31 2026] [::1]:37740 [200]: GET /timetable_app/assets/js/main.js
[Thu Jan 22 11:49:31 2026] [::1]:37724 Closing
[Thu Jan 22 11:49:31 2026] [::1]:37740 Closing
[Thu Jan 22 11:49:31 2026] [::1]:37750 Accepted
[Thu Jan 22 11:49:31 2026] [::1]:37750 [200]: GET /timetable_app/modules/views/view.php?class_id=1
[Thu Jan 22 11:49:31 2026] [::1]:37750 Closing
[Thu Jan 22 11:49:31 2026] [::1]:37766 Accepted
[Thu Jan 22 11:49:31 2026] [::1]:37766 [200]: GET /timetable_app/assets/css/style.css
[Thu Jan 22 11:49:31 2026] [::1]:37766 Closing
[Thu Jan 22 11:49:31 2026] [::1]:37780 Accepted
[Thu Jan 22 11:49:31 2026] [::1]:37780 [200]: GET /timetable_app/assets/js/main.js
[Thu Jan 22 11:49:31 2026] [::1]:37780 Closing
[Thu Jan 22 12:05:46 2026] [::1]:56834 Accepted
[Thu Jan 22 12:05:46 2026] [::1]:56834 [200]: GET /timetable_app/modules/accounts/login.php
[Thu Jan 22 12:05:46 2026] [::1]:56834 Closing
[Thu Jan 22 12:05:46 2026] [::1]:56844 Accepted
[Thu Jan 22 12:05:46 2026] [::1]:56858 Accepted
[Thu Jan 22 12:05:46 2026] [::1]:56844 [200]: GET /timetable_app/assets/css/style.css
[Thu Jan 22 12:05:46 2026] [::1]:56844 Closing
[Thu Jan 22 12:05:46 2026] [::1]:56858 [200]: GET /timetable_app/assets/js/main.js
[Thu Jan 22 12:05:46 2026] [::1]:56858 Closing
[Thu Jan 22 12:05:47 2026] [::1]:56860 Accepted
[Thu Jan 22 12:05:47 2026] [::1]:56860 [302]: POST /timetable_app/modules/accounts/login.php
[Thu Jan 22 12:05:47 2026] [::1]:56860 Closing
[Thu Jan 22 12:05:47 2026] [::1]:56872 Accepted
[Thu Jan 22 12:05:47 2026] [::1]:56872 [200]: GET /timetable_app/index.php
[Thu Jan 22 12:05:47 2026] [::1]:56872 Closing
[Thu Jan 22 12:05:47 2026] [::1]:56878 Accepted
[Thu Jan 22 12:05:47 2026] [::1]:56880 Accepted
[Thu Jan 22 12:05:47 2026] [::1]:56878 [200]: GET /timetable_app/assets/css/style.css
[Thu Jan 22 12:05:47 2026] [::1]:56880 [200]: GET /timetable_app/assets/js/main.js
[Thu Jan 22 12:05:47 2026] [::1]:56878 Closing
[Thu Jan 22 12:05:47 2026] [::1]:56880 Closing
[Thu Jan 22 12:05:47 2026] [::1]:56894 Accepted
[Thu Jan 22 12:05:47 2026] [::1]:56894 [200]: GET /timetable_app/modules/views/view.php
[Thu Jan 22 12:05:47 2026] [::1]:56894 Closing
[Thu Jan 22 12:05:47 2026] [::1]:56910 Accepted
[Thu Jan 22 12:05:47 2026] [::1]:56918 Accepted
[Thu Jan 22 12:05:47 2026] [::1]:56910 [200]: GET /timetable_app/assets/css/style.css
[Thu Jan 22 12:05:47 2026] [::1]:56918 [200]: GET /timetable_app/assets/js/main.js
[Thu Jan 22 12:05:47 2026] [::1]:56910 Closing
[Thu Jan 22 12:05:47 2026] [::1]:56918 Closing
[Thu Jan 22 12:05:47 2026] [::1]:56932 Accepted
[Thu Jan 22 12:05:47 2026] [::1]:56932 [200]: GET /timetable_app/modules/views/view.php?class_id=1
[Thu Jan 22 12:05:47 2026] [::1]:56932 Closing
[Thu Jan 22 12:05:47 2026] [::1]:56948 Accepted
[Thu Jan 22 12:05:47 2026] [::1]:56950 Accepted
[Thu Jan 22 12:05:47 2026] [::1]:56948 [200]: GET /timetable_app/assets/css/style.css
[Thu Jan 22 12:05:47 2026] [::1]:56950 [200]: GET /timetable_app/assets/js/main.js
[Thu Jan 22 12:05:47 2026] [::1]:56948 Closing
[Thu Jan 22 12:05:47 2026] [::1]:56950 Closing
[Thu Jan 22 12:10:27 2026] [::1]:34330 Accepted
[Thu Jan 22 12:10:27 2026] [::1]:34330 [200]: GET /index.php
[Thu Jan 22 12:10:27 2026] [::1]:34330 Closing
[Thu Jan 22 12:10:27 2026] [::1]:34334 Accepted
[Thu Jan 22 12:10:27 2026] [::1]:34334 [404]: GET /assets/css/style.css - No such file or directory
[Thu Jan 22 12:10:27 2026] [::1]:34334 Closing
[Thu Jan 22 12:10:27 2026] [::1]:34338 Accepted
[Thu Jan 22 12:10:27 2026] [::1]:34338 [404]: GET /timetable_app/assets/images/university.jpg - No such file or directory
[Thu Jan 22 12:10:27 2026] [::1]:34338 Closing
